2023-11-27 16:52:49,830 INFO    : Initialize...
2023-11-27 16:52:49,833 INFO    : EVOLVE[0-gen]-Begin to evaluate the fitness
2023-11-27 16:53:09,967 INFO    : GPU_QUERY-Available GPUs are: [0,1], choose GPU#0 to use
2023-11-27 16:53:09,968 INFO    : Begin to train particle00_00
2023-11-27 16:53:10,902 INFO    : Begin to train particle00_01
2023-11-27 17:15:38,966 INFO    : GPU_QUERY-Available GPUs are: [0,1], choose GPU#0 to use
2023-11-27 17:15:38,966 INFO    : Begin to train particle00_02
2023-11-27 17:15:38,977 INFO    : Begin to train particle00_03
2023-11-27 17:36:35,482 INFO    : GPU_QUERY-Available GPUs are: [0,1], choose GPU#0 to use
2023-11-27 17:36:35,483 INFO    : Begin to train particle00_04
2023-11-27 17:36:35,493 INFO    : Begin to train particle00_05
2023-11-27 17:55:37,439 INFO    : GPU_QUERY-Available GPUs are: [0,1], choose GPU#0 to use
2023-11-27 17:55:37,439 INFO    : Begin to train particle00_06
2023-11-27 17:55:37,452 INFO    : Begin to train particle00_07
2023-11-27 18:13:03,024 INFO    : GPU_QUERY-Available GPUs are: [0,1], choose GPU#0 to use
2023-11-27 18:13:03,024 INFO    : Begin to train particle00_08
2023-11-27 18:13:03,035 INFO    : Begin to train particle00_09
2023-11-27 18:35:25,211 INFO    : GPU_QUERY-Available GPUs are: [0,1], choose GPU#0 to use
2023-11-27 18:35:25,212 INFO    : Begin to train particle00_10
2023-11-27 18:35:25,226 INFO    : Begin to train particle00_11
2023-11-27 18:54:22,354 INFO    : GPU_QUERY-Available GPUs are: [0,1], choose GPU#0 to use
2023-11-27 18:54:22,354 INFO    : Begin to train particle00_12
2023-11-27 18:54:22,366 INFO    : Begin to train particle00_13
2023-11-27 19:15:12,549 INFO    : GPU_QUERY-Available GPUs are: [0,1], choose GPU#0 to use
2023-11-27 19:15:12,550 INFO    : Begin to train particle00_14
2023-11-27 19:15:12,559 INFO    : Begin to train particle00_15
2023-11-27 19:36:43,526 INFO    : GPU_QUERY-Available GPUs are: [0,1], choose GPU#0 to use
2023-11-27 19:36:43,527 INFO    : Begin to train particle00_16
2023-11-27 19:36:43,538 INFO    : Begin to train particle00_17
2023-11-27 19:51:10,459 INFO    : GPU_QUERY-Available GPUs are: [0,1], choose GPU#0 to use
2023-11-27 19:51:10,460 INFO    : Begin to train particle00_18
2023-11-27 19:51:10,475 INFO    : Begin to train particle00_19
2023-11-27 20:12:31,632 INFO    : GPU_QUERY-Available GPUs are: [0,1], choose GPU#0 to use
2023-11-27 20:12:51,731 INFO    : GPU_QUERY-Available GPUs are: [0,1], choose GPU#0 to use
2023-11-27 20:13:11,858 INFO    : GPU_QUERY-Available GPUs are: [0,1], choose GPU#0 to use
2023-11-27 20:13:32,006 INFO    : GPU_QUERY-Available GPUs are: [0,1], choose GPU#0 to use
2023-11-27 20:13:52,117 INFO    : GPU_QUERY-Available GPUs are: [0,1], choose GPU#0 to use
2023-11-27 20:14:12,202 INFO    : GPU_QUERY-Available GPUs are: [0,1], choose GPU#0 to use
2023-11-27 20:14:32,318 INFO    : GPU_QUERY-Available GPUs are: [0,1], choose GPU#0 to use
2023-11-27 20:14:52,422 INFO    : GPU_QUERY-Available GPUs are: [0,1], choose GPU#0 to use
2023-11-27 20:15:12,528 INFO    : GPU_QUERY-Available GPUs are: [0,1], choose GPU#0 to use
2023-11-27 20:15:32,637 INFO    : GPU_QUERY-Available GPUs are: [0,1], choose GPU#0 to use
2023-11-27 20:15:42,648 INFO    : EVOLVE[0-gen]-Finish the evaluation
2023-11-27 20:15:42,649 INFO    : EVOLVE[0-gen]-Finish the updating
2023-11-27 20:15:42,670 INFO    : EVOLVE[1-gen]-Begin pso evolution
2023-11-27 20:15:42,705 INFO    : EVOLVE[1-gen]-Finish pso evolution
2023-11-27 20:15:42,705 INFO    : EVOLVE[1-gen]-Begin to evaluate the fitness
2023-11-27 20:16:02,878 INFO    : GPU_QUERY-Available GPUs are: [0,1], choose GPU#0 to use
2023-11-27 20:16:02,878 INFO    : Begin to train particle01_00
2023-11-27 20:16:02,888 INFO    : Begin to train particle01_01
2023-11-27 20:40:34,514 INFO    : GPU_QUERY-Available GPUs are: [0,1], choose GPU#0 to use
2023-11-27 20:40:34,515 INFO    : Begin to train particle01_02
2023-11-27 20:40:34,529 INFO    : Begin to train particle01_03
2023-11-27 21:02:21,817 INFO    : GPU_QUERY-Available GPUs are: [0,1], choose GPU#0 to use
2023-11-27 21:02:21,817 INFO    : Begin to train particle01_04
2023-11-27 21:02:21,824 INFO    : Begin to train particle01_05
2023-11-27 21:21:00,192 INFO    : GPU_QUERY-Available GPUs are: [0,1], choose GPU#0 to use
2023-11-27 21:21:00,193 INFO    : Begin to train particle01_06
2023-11-27 21:21:00,204 INFO    : Begin to train particle01_07
2023-11-27 21:42:34,504 INFO    : GPU_QUERY-Available GPUs are: [0,1], choose GPU#0 to use
2023-11-27 21:42:34,505 INFO    : Begin to train particle01_08
2023-11-27 21:42:34,521 INFO    : Begin to train particle01_09
2023-11-27 22:04:48,561 INFO    : GPU_QUERY-Available GPUs are: [0,1], choose GPU#0 to use
2023-11-27 22:04:48,562 INFO    : Begin to train particle01_10
2023-11-27 22:04:48,575 INFO    : Begin to train particle01_11
2023-11-27 22:27:46,437 INFO    : GPU_QUERY-Available GPUs are: [0,1], choose GPU#0 to use
2023-11-27 22:27:46,438 INFO    : Begin to train particle01_12
2023-11-27 22:27:46,452 INFO    : Begin to train particle01_13
2023-11-27 22:52:59,087 INFO    : GPU_QUERY-Available GPUs are: [0,1], choose GPU#0 to use
2023-11-27 22:52:59,087 INFO    : Begin to train particle01_14
2023-11-27 22:52:59,098 INFO    : Begin to train particle01_15
2023-11-27 23:13:18,881 INFO    : GPU_QUERY-Available GPUs are: [0,1], choose GPU#0 to use
2023-11-27 23:13:18,881 INFO    : Begin to train particle01_16
2023-11-27 23:13:18,893 INFO    : Begin to train particle01_17
2023-11-27 23:33:44,435 INFO    : GPU_QUERY-Available GPUs are: [0,1], choose GPU#0 to use
2023-11-27 23:33:44,436 INFO    : Begin to train particle01_18
2023-11-27 23:33:44,449 INFO    : Begin to train particle01_19
2023-11-27 23:54:15,534 INFO    : GPU_QUERY-Available GPUs are: [0,1], choose GPU#0 to use
2023-11-27 23:54:35,619 INFO    : GPU_QUERY-Available GPUs are: [0,1], choose GPU#0 to use
2023-11-27 23:54:55,726 INFO    : GPU_QUERY-Available GPUs are: [0,1], choose GPU#0 to use
2023-11-27 23:55:15,882 INFO    : GPU_QUERY-Available GPUs are: [0,1], choose GPU#0 to use
2023-11-27 23:55:35,966 INFO    : GPU_QUERY-Available GPUs are: [0,1], choose GPU#0 to use
2023-11-27 23:55:56,073 INFO    : GPU_QUERY-Available GPUs are: [0,1], choose GPU#0 to use
2023-11-27 23:56:16,213 INFO    : GPU_QUERY-Available GPUs are: [0,1], choose GPU#0 to use
2023-11-27 23:56:36,293 INFO    : GPU_QUERY-Available GPUs are: [0,1], choose GPU#0 to use
2023-11-27 23:56:56,377 INFO    : GPU_QUERY-Available GPUs are: [0,1], choose GPU#0 to use
2023-11-27 23:57:16,459 INFO    : GPU_QUERY-Available GPUs are: [0,1], choose GPU#0 to use
2023-11-27 23:57:26,468 INFO    : EVOLVE[1-gen]-Finish the evaluation
2023-11-27 23:57:26,469 INFO    : EVOLVE[1-gen]-Finish the updating
2023-11-27 23:57:26,496 INFO    : EVOLVE[2-gen]-Begin pso evolution
2023-11-27 23:57:26,538 INFO    : EVOLVE[2-gen]-Finish pso evolution
2023-11-27 23:57:26,538 INFO    : EVOLVE[2-gen]-Begin to evaluate the fitness
2023-11-27 23:57:46,736 INFO    : GPU_QUERY-Available GPUs are: [0,1], choose GPU#0 to use
2023-11-27 23:57:46,736 INFO    : Begin to train particle02_00
2023-11-27 23:57:46,750 INFO    : Begin to train particle02_01
2023-11-28 00:17:24,661 INFO    : GPU_QUERY-Available GPUs are: [0,1], choose GPU#0 to use
2023-11-28 00:17:24,661 INFO    : Begin to train particle02_02
2023-11-28 00:17:24,674 INFO    : Begin to train particle02_03
2023-11-28 00:36:48,544 INFO    : GPU_QUERY-Available GPUs are: [0,1], choose GPU#0 to use
2023-11-28 00:36:48,545 INFO    : Begin to train particle02_04
2023-11-28 00:36:48,559 INFO    : Begin to train particle02_05
2023-11-28 00:56:23,867 INFO    : GPU_QUERY-Available GPUs are: [0,1], choose GPU#0 to use
2023-11-28 00:56:23,867 INFO    : Begin to train particle02_06
2023-11-28 00:56:23,879 INFO    : Begin to train particle02_07
2023-11-28 01:19:25,082 INFO    : GPU_QUERY-Available GPUs are: [0,1], choose GPU#0 to use
2023-11-28 01:19:25,083 INFO    : Begin to train particle02_08
2023-11-28 01:19:25,096 INFO    : Begin to train particle02_09
2023-11-28 01:42:28,475 INFO    : GPU_QUERY-Available GPUs are: [0,1], choose GPU#0 to use
2023-11-28 01:42:28,476 INFO    : Begin to train particle02_10
2023-11-28 01:42:28,488 INFO    : Begin to train particle02_11
2023-11-28 02:03:53,363 INFO    : GPU_QUERY-Available GPUs are: [0,1], choose GPU#0 to use
2023-11-28 02:03:53,364 INFO    : Begin to train particle02_12
2023-11-28 02:03:53,377 INFO    : Begin to train particle02_13
2023-11-28 02:17:36,226 INFO    : GPU_QUERY-Available GPUs are: [0,1], choose GPU#0 to use
2023-11-28 02:17:36,227 INFO    : Begin to train particle02_14
2023-11-28 02:17:36,244 INFO    : Begin to train particle02_15
2023-11-28 02:34:32,881 INFO    : GPU_QUERY-Available GPUs are: [0,1], choose GPU#0 to use
2023-11-28 02:34:32,882 INFO    : Begin to train particle02_16
2023-11-28 02:34:32,897 INFO    : Begin to train particle02_17
2023-11-28 02:53:39,867 INFO    : GPU_QUERY-Available GPUs are: [0,1], choose GPU#0 to use
2023-11-28 02:53:39,867 INFO    : Begin to train particle02_18
2023-11-28 02:53:39,881 INFO    : Begin to train particle02_19
2023-11-28 03:15:44,345 INFO    : GPU_QUERY-Available GPUs are: [0,1], choose GPU#0 to use
2023-11-28 03:16:04,444 INFO    : GPU_QUERY-Available GPUs are: [0,1], choose GPU#0 to use
2023-11-28 03:16:24,551 INFO    : GPU_QUERY-Available GPUs are: [0,1], choose GPU#0 to use
2023-11-28 03:16:44,636 INFO    : GPU_QUERY-Available GPUs are: [0,1], choose GPU#0 to use
2023-11-28 03:17:04,757 INFO    : GPU_QUERY-Available GPUs are: [0,1], choose GPU#0 to use
2023-11-28 03:17:24,861 INFO    : GPU_QUERY-Available GPUs are: [0,1], choose GPU#0 to use
2023-11-28 03:17:44,950 INFO    : GPU_QUERY-Available GPUs are: [0,1], choose GPU#0 to use
2023-11-28 03:18:05,030 INFO    : GPU_QUERY-Available GPUs are: [0,1], choose GPU#0 to use
2023-11-28 03:18:25,138 INFO    : GPU_QUERY-Available GPUs are: [0,1], choose GPU#0 to use
2023-11-28 03:18:45,253 INFO    : GPU_QUERY-Available GPUs are: [0,1], choose GPU#0 to use
2023-11-28 03:18:55,260 INFO    : EVOLVE[2-gen]-Finish the evaluation
2023-11-28 03:18:55,261 INFO    : EVOLVE[2-gen]-Finish the updating
2023-11-28 03:18:55,279 INFO    : EVOLVE[3-gen]-Begin pso evolution
2023-11-28 03:18:55,309 INFO    : EVOLVE[3-gen]-Finish pso evolution
2023-11-28 03:18:55,309 INFO    : EVOLVE[3-gen]-Begin to evaluate the fitness
2023-11-28 03:19:15,470 INFO    : GPU_QUERY-Available GPUs are: [0,1], choose GPU#0 to use
2023-11-28 03:19:15,470 INFO    : Begin to train particle03_00
2023-11-28 03:19:15,482 INFO    : Begin to train particle03_01
2023-11-28 03:41:31,646 INFO    : GPU_QUERY-Available GPUs are: [0,1], choose GPU#0 to use
2023-11-28 03:41:31,647 INFO    : Begin to train particle03_02
2023-11-28 03:41:31,659 INFO    : Begin to train particle03_03
2023-11-28 04:02:00,599 INFO    : GPU_QUERY-Available GPUs are: [0,1], choose GPU#0 to use
2023-11-28 04:02:00,599 INFO    : Begin to train particle03_04
2023-11-28 04:02:00,613 INFO    : Begin to train particle03_05
2023-11-28 04:19:14,111 INFO    : GPU_QUERY-Available GPUs are: [0,1], choose GPU#0 to use
2023-11-28 04:19:14,112 INFO    : Begin to train particle03_06
2023-11-28 04:19:14,123 INFO    : Begin to train particle03_07
2023-11-28 04:37:02,029 INFO    : GPU_QUERY-Available GPUs are: [0,1], choose GPU#0 to use
2023-11-28 04:37:02,029 INFO    : Begin to train particle03_08
2023-11-28 04:37:02,040 INFO    : Begin to train particle03_09
2023-11-28 04:58:02,504 INFO    : GPU_QUERY-Available GPUs are: [0,1], choose GPU#0 to use
2023-11-28 04:58:02,505 INFO    : Begin to train particle03_10
2023-11-28 04:58:02,519 INFO    : Begin to train particle03_11
2023-11-28 05:17:53,323 INFO    : GPU_QUERY-Available GPUs are: [0,1], choose GPU#0 to use
2023-11-28 05:17:53,324 INFO    : Begin to train particle03_12
2023-11-28 05:17:53,335 INFO    : Begin to train particle03_13
2023-11-28 05:37:44,249 INFO    : GPU_QUERY-Available GPUs are: [0,1], choose GPU#0 to use
2023-11-28 05:37:44,249 INFO    : Begin to train particle03_14
2023-11-28 05:37:44,266 INFO    : Begin to train particle03_15
2023-11-28 05:58:09,314 INFO    : GPU_QUERY-Available GPUs are: [0,1], choose GPU#0 to use
2023-11-28 05:58:09,314 INFO    : Begin to train particle03_16
2023-11-28 05:58:09,327 INFO    : Begin to train particle03_17
2023-11-28 06:19:48,386 INFO    : GPU_QUERY-Available GPUs are: [0,1], choose GPU#0 to use
2023-11-28 06:19:48,386 INFO    : Begin to train particle03_18
2023-11-28 06:19:48,398 INFO    : Begin to train particle03_19
2023-11-28 06:40:08,656 INFO    : GPU_QUERY-Available GPUs are: [0,1], choose GPU#0 to use
2023-11-28 06:40:28,793 INFO    : GPU_QUERY-Available GPUs are: [0,1], choose GPU#0 to use
2023-11-28 06:40:48,890 INFO    : GPU_QUERY-Available GPUs are: [0,1], choose GPU#0 to use
2023-11-28 06:41:09,031 INFO    : GPU_QUERY-Available GPUs are: [0,1], choose GPU#0 to use
2023-11-28 06:41:29,131 INFO    : GPU_QUERY-Available GPUs are: [0,1], choose GPU#0 to use
2023-11-28 06:41:49,216 INFO    : GPU_QUERY-Available GPUs are: [0,1], choose GPU#0 to use
2023-11-28 06:42:09,330 INFO    : GPU_QUERY-Available GPUs are: [0,1], choose GPU#0 to use
2023-11-28 06:42:29,413 INFO    : GPU_QUERY-Available GPUs are: [0,1], choose GPU#0 to use
2023-11-28 06:42:49,538 INFO    : GPU_QUERY-Available GPUs are: [0,1], choose GPU#0 to use
2023-11-28 06:43:09,623 INFO    : GPU_QUERY-Available GPUs are: [0,1], choose GPU#0 to use
2023-11-28 06:43:19,632 INFO    : EVOLVE[3-gen]-Finish the evaluation
2023-11-28 06:43:19,633 INFO    : EVOLVE[3-gen]-Finish the updating
2023-11-28 06:43:19,650 INFO    : EVOLVE[4-gen]-Begin pso evolution
2023-11-28 06:43:19,674 INFO    : EVOLVE[4-gen]-Finish pso evolution
2023-11-28 06:43:19,674 INFO    : EVOLVE[4-gen]-Begin to evaluate the fitness
2023-11-28 06:43:39,810 INFO    : GPU_QUERY-Available GPUs are: [0,1], choose GPU#0 to use
2023-11-28 06:43:39,811 INFO    : Begin to train particle04_00
2023-11-28 06:43:39,822 INFO    : Begin to train particle04_01
2023-11-28 07:06:03,503 INFO    : GPU_QUERY-Available GPUs are: [0,1], choose GPU#0 to use
2023-11-28 07:06:03,504 INFO    : Begin to train particle04_02
2023-11-28 07:06:03,518 INFO    : Begin to train particle04_03
2023-11-28 07:25:18,769 INFO    : GPU_QUERY-Available GPUs are: [0,1], choose GPU#0 to use
2023-11-28 07:25:18,770 INFO    : Begin to train particle04_04
2023-11-28 07:25:18,784 INFO    : Begin to train particle04_05
2023-11-28 07:46:11,899 INFO    : GPU_QUERY-Available GPUs are: [0,1], choose GPU#0 to use
2023-11-28 07:46:11,900 INFO    : Begin to train particle04_06
2023-11-28 07:46:11,912 INFO    : Begin to train particle04_07
2023-11-28 08:02:50,660 INFO    : GPU_QUERY-Available GPUs are: [0,1], choose GPU#0 to use
2023-11-28 08:02:50,660 INFO    : Begin to train particle04_08
2023-11-28 08:02:50,675 INFO    : Begin to train particle04_09
2023-11-28 08:24:40,739 INFO    : GPU_QUERY-Available GPUs are: [0,1], choose GPU#0 to use
2023-11-28 08:24:40,740 INFO    : Begin to train particle04_10
2023-11-28 08:24:40,754 INFO    : Begin to train particle04_11
2023-11-28 08:44:21,952 INFO    : GPU_QUERY-Available GPUs are: [0,1], choose GPU#0 to use
2023-11-28 08:44:21,953 INFO    : Begin to train particle04_12
2023-11-28 08:44:21,965 INFO    : Begin to train particle04_13
2023-11-28 09:08:01,330 INFO    : GPU_QUERY-Available GPUs are: [0,1], choose GPU#0 to use
2023-11-28 09:08:01,330 INFO    : Begin to train particle04_14
2023-11-28 09:08:01,345 INFO    : Begin to train particle04_15
2023-11-28 09:32:13,311 INFO    : GPU_QUERY-Available GPUs are: [0,1], choose GPU#0 to use
2023-11-28 09:32:13,312 INFO    : Begin to train particle04_16
2023-11-28 09:32:13,325 INFO    : Begin to train particle04_17
2023-11-28 09:52:49,051 INFO    : GPU_QUERY-Available GPUs are: [0,1], choose GPU#0 to use
2023-11-28 09:52:49,051 INFO    : Begin to train particle04_18
2023-11-28 09:52:49,065 INFO    : Begin to train particle04_19
2023-11-28 10:08:33,580 INFO    : GPU_QUERY-Available GPUs are: [0,1], choose GPU#0 to use
2023-11-28 10:08:53,676 INFO    : GPU_QUERY-Available GPUs are: [0,1], choose GPU#0 to use
2023-11-28 10:09:13,777 INFO    : GPU_QUERY-Available GPUs are: [0,1], choose GPU#0 to use
2023-11-28 10:09:33,865 INFO    : GPU_QUERY-Available GPUs are: [0,1], choose GPU#0 to use
2023-11-28 10:09:53,952 INFO    : GPU_QUERY-Available GPUs are: [0,1], choose GPU#0 to use
2023-11-28 10:10:14,039 INFO    : GPU_QUERY-Available GPUs are: [0,1], choose GPU#0 to use
2023-11-28 10:10:34,128 INFO    : GPU_QUERY-Available GPUs are: [0,1], choose GPU#0 to use
2023-11-28 10:10:54,241 INFO    : GPU_QUERY-Available GPUs are: [0,1], choose GPU#0 to use
2023-11-28 10:11:14,331 INFO    : GPU_QUERY-Available GPUs are: [0,1], choose GPU#0 to use
2023-11-28 10:11:34,415 INFO    : GPU_QUERY-Available GPUs are: [0,1], choose GPU#0 to use
2023-11-28 10:11:44,424 INFO    : EVOLVE[4-gen]-Finish the evaluation
2023-11-28 10:11:44,425 INFO    : EVOLVE[4-gen]-Finish the updating
2023-11-28 10:11:44,449 INFO    : EVOLVE[5-gen]-Begin pso evolution
2023-11-28 10:11:44,490 INFO    : EVOLVE[5-gen]-Finish pso evolution
2023-11-28 10:11:44,490 INFO    : EVOLVE[5-gen]-Begin to evaluate the fitness
2023-11-28 10:12:04,730 INFO    : GPU_QUERY-Available GPUs are: [0,1], choose GPU#0 to use
2023-11-28 10:12:04,731 INFO    : Begin to train particle05_00
2023-11-28 10:12:04,743 INFO    : Begin to train particle05_01
2023-11-28 10:33:42,506 INFO    : GPU_QUERY-Available GPUs are: [0,1], choose GPU#0 to use
2023-11-28 10:33:42,507 INFO    : Begin to train particle05_02
2023-11-28 10:33:42,523 INFO    : Begin to train particle05_03
2023-11-28 10:57:41,448 INFO    : GPU_QUERY-Available GPUs are: [1], choose GPU#1 to use
2023-11-28 10:57:41,449 INFO    : Begin to train particle05_04
2023-11-28 11:08:39,889 INFO    : GPU_QUERY-Available GPUs are: [0,1], choose GPU#0 to use
2023-11-28 11:08:39,890 INFO    : Begin to train particle05_05
2023-11-28 11:08:39,900 INFO    : Begin to train particle05_06
2023-11-28 11:28:11,082 INFO    : GPU_QUERY-Available GPUs are: [0,1], choose GPU#0 to use
2023-11-28 11:28:11,083 INFO    : Begin to train particle05_07
2023-11-28 11:28:11,098 INFO    : Begin to train particle05_08
2023-11-28 11:48:38,798 INFO    : GPU_QUERY-Available GPUs are: [0,1], choose GPU#0 to use
2023-11-28 11:48:38,799 INFO    : Begin to train particle05_09
2023-11-28 11:48:38,807 INFO    : Begin to train particle05_10
2023-11-28 12:08:20,495 INFO    : GPU_QUERY-Available GPUs are: [0,1], choose GPU#0 to use
2023-11-28 12:08:20,495 INFO    : Begin to train particle05_11
2023-11-28 12:08:20,506 INFO    : Begin to train particle05_12
2023-11-28 12:24:13,798 INFO    : GPU_QUERY-Available GPUs are: [0,1], choose GPU#0 to use
2023-11-28 12:24:13,798 INFO    : Begin to train particle05_13
2023-11-28 12:24:13,810 INFO    : Begin to train particle05_14
2023-11-28 12:46:10,866 INFO    : GPU_QUERY-Available GPUs are: [0,1], choose GPU#0 to use
2023-11-28 12:46:10,867 INFO    : Begin to train particle05_15
2023-11-28 12:46:10,881 INFO    : Begin to train particle05_16
2023-11-28 13:09:43,253 INFO    : GPU_QUERY-Available GPUs are: [0,1], choose GPU#0 to use
2023-11-28 13:09:43,253 INFO    : Begin to train particle05_17
2023-11-28 13:09:43,264 INFO    : Begin to train particle05_18
2023-11-28 13:30:35,305 INFO    : GPU_QUERY-Available GPUs are: [0,1], choose GPU#0 to use
2023-11-28 13:30:35,306 INFO    : Begin to train particle05_19
2023-11-28 13:39:34,036 INFO    : GPU_QUERY-Available GPUs are: [0,1], choose GPU#0 to use
2023-11-28 13:39:54,153 INFO    : GPU_QUERY-Available GPUs are: [0,1], choose GPU#0 to use
2023-11-28 13:40:14,249 INFO    : GPU_QUERY-Available GPUs are: [0,1], choose GPU#0 to use
2023-11-28 13:40:34,350 INFO    : GPU_QUERY-Available GPUs are: [0,1], choose GPU#0 to use
2023-11-28 13:40:54,435 INFO    : GPU_QUERY-Available GPUs are: [0,1], choose GPU#0 to use
2023-11-28 13:41:14,528 INFO    : GPU_QUERY-Available GPUs are: [0,1], choose GPU#0 to use
2023-11-28 13:41:34,613 INFO    : GPU_QUERY-Available GPUs are: [0,1], choose GPU#0 to use
2023-11-28 13:41:54,702 INFO    : GPU_QUERY-Available GPUs are: [0,1], choose GPU#0 to use
2023-11-28 13:42:14,796 INFO    : GPU_QUERY-Available GPUs are: [0,1], choose GPU#0 to use
2023-11-28 13:42:24,804 INFO    : EVOLVE[5-gen]-Finish the evaluation
2023-11-28 13:42:24,805 INFO    : EVOLVE[5-gen]-Finish the updating
2023-11-28 13:42:24,830 INFO    : EVOLVE[6-gen]-Begin pso evolution
2023-11-28 13:42:24,875 INFO    : EVOLVE[6-gen]-Finish pso evolution
2023-11-28 13:42:24,875 INFO    : EVOLVE[6-gen]-Begin to evaluate the fitness
2023-11-28 13:42:45,017 INFO    : GPU_QUERY-Available GPUs are: [0,1], choose GPU#0 to use
2023-11-28 13:42:45,017 INFO    : Begin to train particle06_00
2023-11-28 13:42:45,033 INFO    : Begin to train particle06_01
2023-11-28 13:58:31,104 INFO    : GPU_QUERY-Available GPUs are: [0,1], choose GPU#0 to use
2023-11-28 13:58:31,105 INFO    : Begin to train particle06_02
2023-11-28 13:58:31,119 INFO    : Begin to train particle06_03
2023-11-28 14:19:37,460 INFO    : GPU_QUERY-Available GPUs are: [0,1], choose GPU#0 to use
2023-11-28 14:19:37,461 INFO    : Begin to train particle06_04
2023-11-28 14:19:37,477 INFO    : Begin to train particle06_05
2023-11-28 14:38:29,473 INFO    : GPU_QUERY-Available GPUs are: [0,1], choose GPU#0 to use
2023-11-28 14:38:29,473 INFO    : Begin to train particle06_06
2023-11-28 14:38:29,486 INFO    : Begin to train particle06_07
2023-11-28 14:59:09,310 INFO    : GPU_QUERY-Available GPUs are: [0,1], choose GPU#0 to use
2023-11-28 14:59:09,311 INFO    : Begin to train particle06_08
2023-11-28 14:59:09,321 INFO    : Begin to train particle06_09
2023-11-28 15:20:38,864 INFO    : GPU_QUERY-Available GPUs are: [0,1], choose GPU#0 to use
2023-11-28 15:20:38,864 INFO    : Begin to train particle06_10
2023-11-28 15:20:38,878 INFO    : Begin to train particle06_11
2023-11-28 15:44:43,986 INFO    : GPU_QUERY-Available GPUs are: [0,1], choose GPU#0 to use
2023-11-28 15:44:43,986 INFO    : Begin to train particle06_12
2023-11-28 15:44:44,002 INFO    : Begin to train particle06_13
2023-11-28 16:03:11,189 INFO    : GPU_QUERY-Available GPUs are: [0,1], choose GPU#0 to use
2023-11-28 16:03:11,189 INFO    : Begin to train particle06_14
2023-11-28 16:03:11,200 INFO    : Begin to train particle06_15
2023-11-28 16:22:46,542 INFO    : GPU_QUERY-Available GPUs are: [0,1], choose GPU#0 to use
2023-11-28 16:22:46,543 INFO    : Begin to train particle06_16
2023-11-28 16:22:46,552 INFO    : Begin to train particle06_17
2023-11-28 16:46:00,597 INFO    : GPU_QUERY-Available GPUs are: [0,1], choose GPU#0 to use
2023-11-28 16:46:00,597 INFO    : Begin to train particle06_18
2023-11-28 16:46:00,610 INFO    : Begin to train particle06_19
2023-11-28 17:06:50,305 INFO    : GPU_QUERY-Available GPUs are: [0,1], choose GPU#0 to use
2023-11-28 17:07:10,409 INFO    : GPU_QUERY-Available GPUs are: [0,1], choose GPU#0 to use
2023-11-28 17:07:30,497 INFO    : GPU_QUERY-Available GPUs are: [0,1], choose GPU#0 to use
2023-11-28 17:07:50,672 INFO    : GPU_QUERY-Available GPUs are: [0,1], choose GPU#0 to use
2023-11-28 17:08:10,775 INFO    : GPU_QUERY-Available GPUs are: [0,1], choose GPU#0 to use
2023-11-28 17:08:30,882 INFO    : GPU_QUERY-Available GPUs are: [0,1], choose GPU#0 to use
2023-11-28 17:08:50,975 INFO    : GPU_QUERY-Available GPUs are: [0,1], choose GPU#0 to use
2023-11-28 17:09:11,078 INFO    : GPU_QUERY-Available GPUs are: [0,1], choose GPU#0 to use
2023-11-28 17:09:31,181 INFO    : GPU_QUERY-Available GPUs are: [0,1], choose GPU#0 to use
2023-11-28 17:09:51,311 INFO    : GPU_QUERY-Available GPUs are: [0,1], choose GPU#0 to use
2023-11-28 17:10:01,320 INFO    : EVOLVE[6-gen]-Finish the evaluation
2023-11-28 17:10:01,321 INFO    : EVOLVE[6-gen]-Finish the updating
2023-11-28 17:10:01,340 INFO    : EVOLVE[7-gen]-Begin pso evolution
2023-11-28 17:10:01,369 INFO    : EVOLVE[7-gen]-Finish pso evolution
2023-11-28 17:10:01,370 INFO    : EVOLVE[7-gen]-Begin to evaluate the fitness
2023-11-28 17:10:21,531 INFO    : GPU_QUERY-Available GPUs are: [0,1], choose GPU#0 to use
2023-11-28 17:10:21,532 INFO    : Begin to train particle07_00
2023-11-28 17:10:21,546 INFO    : Begin to train particle07_01
2023-11-28 17:34:52,144 INFO    : GPU_QUERY-Available GPUs are: [0,1], choose GPU#0 to use
2023-11-28 17:34:52,145 INFO    : Begin to train particle07_02
2023-11-28 17:34:52,157 INFO    : Begin to train particle07_03
2023-11-28 17:56:12,475 INFO    : GPU_QUERY-Available GPUs are: [0,1], choose GPU#0 to use
2023-11-28 17:56:12,476 INFO    : Begin to train particle07_04
2023-11-28 17:56:12,487 INFO    : Begin to train particle07_05
2023-11-28 18:18:12,734 INFO    : GPU_QUERY-Available GPUs are: [0,1], choose GPU#0 to use
2023-11-28 18:18:12,735 INFO    : Begin to train particle07_06
2023-11-28 18:18:12,746 INFO    : Begin to train particle07_07
2023-11-28 18:39:17,174 INFO    : GPU_QUERY-Available GPUs are: [0,1], choose GPU#0 to use
2023-11-28 18:39:17,174 INFO    : Begin to train particle07_08
2023-11-28 18:39:17,190 INFO    : Begin to train particle07_09
2023-11-28 19:01:31,058 INFO    : GPU_QUERY-Available GPUs are: [0,1], choose GPU#0 to use
2023-11-28 19:01:31,059 INFO    : Begin to train particle07_10
2023-11-28 19:01:31,073 INFO    : Begin to train particle07_11
2023-11-28 19:27:24,188 INFO    : GPU_QUERY-Available GPUs are: [0,1], choose GPU#0 to use
2023-11-28 19:27:24,189 INFO    : Begin to train particle07_12
2023-11-28 19:27:24,213 INFO    : Begin to train particle07_13
2023-11-28 19:47:34,300 INFO    : GPU_QUERY-Available GPUs are: [0,1], choose GPU#0 to use
2023-11-28 19:47:34,300 INFO    : Begin to train particle07_14
2023-11-28 19:47:34,312 INFO    : Begin to train particle07_15
2023-11-28 20:08:01,711 INFO    : GPU_QUERY-Available GPUs are: [0,1], choose GPU#0 to use
2023-11-28 20:08:01,711 INFO    : Begin to train particle07_16
2023-11-28 20:08:01,724 INFO    : Begin to train particle07_17
2023-11-28 20:27:58,282 INFO    : GPU_QUERY-Available GPUs are: [0,1], choose GPU#0 to use
2023-11-28 20:27:58,282 INFO    : Begin to train particle07_18
2023-11-28 20:27:58,294 INFO    : Begin to train particle07_19
2023-11-28 20:50:07,427 INFO    : GPU_QUERY-Available GPUs are: [0,1], choose GPU#0 to use
2023-11-28 20:50:27,519 INFO    : GPU_QUERY-Available GPUs are: [0,1], choose GPU#0 to use
2023-11-28 20:50:47,618 INFO    : GPU_QUERY-Available GPUs are: [0,1], choose GPU#0 to use
2023-11-28 20:51:07,707 INFO    : GPU_QUERY-Available GPUs are: [0,1], choose GPU#0 to use
2023-11-28 20:51:27,808 INFO    : GPU_QUERY-Available GPUs are: [0,1], choose GPU#0 to use
2023-11-28 20:51:47,903 INFO    : GPU_QUERY-Available GPUs are: [0,1], choose GPU#0 to use
2023-11-28 20:52:08,008 INFO    : GPU_QUERY-Available GPUs are: [0,1], choose GPU#0 to use
2023-11-28 20:52:28,091 INFO    : GPU_QUERY-Available GPUs are: [0,1], choose GPU#0 to use
2023-11-28 20:52:48,180 INFO    : GPU_QUERY-Available GPUs are: [0,1], choose GPU#0 to use
2023-11-28 20:53:08,285 INFO    : GPU_QUERY-Available GPUs are: [0,1], choose GPU#0 to use
2023-11-28 20:53:18,296 INFO    : EVOLVE[7-gen]-Finish the evaluation
2023-11-28 20:53:18,297 INFO    : EVOLVE[7-gen]-Finish the updating
2023-11-28 20:53:18,327 INFO    : EVOLVE[8-gen]-Begin pso evolution
2023-11-28 20:53:18,417 INFO    : EVOLVE[8-gen]-Finish pso evolution
2023-11-28 20:53:18,417 INFO    : EVOLVE[8-gen]-Begin to evaluate the fitness
2023-11-28 20:53:38,645 INFO    : GPU_QUERY-Available GPUs are: [0,1], choose GPU#0 to use
2023-11-28 20:53:38,645 INFO    : Begin to train particle08_00
2023-11-28 20:53:38,661 INFO    : Begin to train particle08_01
2023-11-28 21:16:49,795 INFO    : GPU_QUERY-Available GPUs are: [0,1], choose GPU#0 to use
2023-11-28 21:16:49,795 INFO    : Begin to train particle08_02
2023-11-28 21:16:49,805 INFO    : Begin to train particle08_03
2023-11-28 21:38:00,873 INFO    : GPU_QUERY-Available GPUs are: [0,1], choose GPU#0 to use
2023-11-28 21:38:00,874 INFO    : Begin to train particle08_04
2023-11-28 21:38:00,887 INFO    : Begin to train particle08_05
2023-11-28 21:56:03,990 INFO    : GPU_QUERY-Available GPUs are: [0,1], choose GPU#0 to use
2023-11-28 21:56:03,991 INFO    : Begin to train particle08_06
2023-11-28 21:56:04,003 INFO    : Begin to train particle08_07
2023-11-28 22:16:39,743 INFO    : GPU_QUERY-Available GPUs are: [0,1], choose GPU#0 to use
2023-11-28 22:16:39,744 INFO    : Begin to train particle08_08
2023-11-28 22:16:39,757 INFO    : Begin to train particle08_09
2023-11-28 22:40:40,737 INFO    : GPU_QUERY-Available GPUs are: [0,1], choose GPU#0 to use
2023-11-28 22:40:40,738 INFO    : Begin to train particle08_10
2023-11-28 22:40:40,749 INFO    : Begin to train particle08_11
2023-11-28 23:03:38,730 INFO    : GPU_QUERY-Available GPUs are: [0,1], choose GPU#0 to use
2023-11-28 23:03:38,730 INFO    : Begin to train particle08_12
2023-11-28 23:03:38,745 INFO    : Begin to train particle08_13
2023-11-28 23:24:10,505 INFO    : GPU_QUERY-Available GPUs are: [0,1], choose GPU#0 to use
2023-11-28 23:24:10,505 INFO    : Begin to train particle08_14
2023-11-28 23:24:10,517 INFO    : Begin to train particle08_15
2023-11-28 23:44:31,997 INFO    : GPU_QUERY-Available GPUs are: [0,1], choose GPU#0 to use
2023-11-28 23:44:31,998 INFO    : Begin to train particle08_16
2023-11-28 23:44:32,012 INFO    : Begin to train particle08_17
2023-11-29 00:06:12,551 INFO    : GPU_QUERY-Available GPUs are: [0,1], choose GPU#0 to use
2023-11-29 00:06:12,551 INFO    : Begin to train particle08_18
2023-11-29 00:06:12,559 INFO    : Begin to train particle08_19
2023-11-29 00:26:20,971 INFO    : GPU_QUERY-Available GPUs are: [0,1], choose GPU#0 to use
2023-11-29 00:26:41,059 INFO    : GPU_QUERY-Available GPUs are: [0,1], choose GPU#0 to use
2023-11-29 00:27:01,146 INFO    : GPU_QUERY-Available GPUs are: [0,1], choose GPU#0 to use
2023-11-29 00:27:21,283 INFO    : GPU_QUERY-Available GPUs are: [0,1], choose GPU#0 to use
2023-11-29 00:27:41,367 INFO    : GPU_QUERY-Available GPUs are: [0,1], choose GPU#0 to use
2023-11-29 00:28:01,454 INFO    : GPU_QUERY-Available GPUs are: [0,1], choose GPU#0 to use
2023-11-29 00:28:21,536 INFO    : GPU_QUERY-Available GPUs are: [0,1], choose GPU#0 to use
2023-11-29 00:28:41,629 INFO    : GPU_QUERY-Available GPUs are: [0,1], choose GPU#0 to use
2023-11-29 00:29:01,749 INFO    : GPU_QUERY-Available GPUs are: [0,1], choose GPU#0 to use
2023-11-29 00:29:21,836 INFO    : GPU_QUERY-Available GPUs are: [0,1], choose GPU#0 to use
2023-11-29 00:29:31,847 INFO    : EVOLVE[8-gen]-Finish the evaluation
2023-11-29 00:29:31,848 INFO    : EVOLVE[8-gen]-Finish the updating
2023-11-29 00:29:31,865 INFO    : EVOLVE[9-gen]-Begin pso evolution
2023-11-29 00:29:31,893 INFO    : EVOLVE[9-gen]-Finish pso evolution
2023-11-29 00:29:31,894 INFO    : EVOLVE[9-gen]-Begin to evaluate the fitness
2023-11-29 00:29:52,125 INFO    : GPU_QUERY-Available GPUs are: [0,1], choose GPU#0 to use
2023-11-29 00:29:52,126 INFO    : Begin to train particle09_00
2023-11-29 00:29:52,140 INFO    : Begin to train particle09_01
2023-11-29 00:49:55,059 INFO    : GPU_QUERY-Available GPUs are: [0,1], choose GPU#0 to use
2023-11-29 00:49:55,059 INFO    : Begin to train particle09_02
2023-11-29 00:49:55,071 INFO    : Begin to train particle09_03
2023-11-29 01:14:16,535 INFO    : GPU_QUERY-Available GPUs are: [0,1], choose GPU#0 to use
2023-11-29 01:14:16,535 INFO    : Begin to train particle09_04
2023-11-29 01:14:16,547 INFO    : Begin to train particle09_05
2023-11-29 01:33:55,970 INFO    : GPU_QUERY-Available GPUs are: [0,1], choose GPU#0 to use
2023-11-29 01:33:55,971 INFO    : Begin to train particle09_06
2023-11-29 01:33:55,984 INFO    : Begin to train particle09_07
2023-11-29 01:54:39,409 INFO    : GPU_QUERY-Available GPUs are: [0,1], choose GPU#0 to use
2023-11-29 01:54:39,410 INFO    : Begin to train particle09_08
2023-11-29 01:54:39,425 INFO    : Begin to train particle09_09
2023-11-29 02:18:39,083 INFO    : GPU_QUERY-Available GPUs are: [0,1], choose GPU#0 to use
2023-11-29 02:18:39,084 INFO    : Begin to train particle09_10
2023-11-29 02:18:39,096 INFO    : Begin to train particle09_11
2023-11-29 02:41:08,975 INFO    : GPU_QUERY-Available GPUs are: [0,1], choose GPU#0 to use
2023-11-29 02:41:08,976 INFO    : Begin to train particle09_12
2023-11-29 02:41:08,990 INFO    : Begin to train particle09_13
2023-11-29 03:01:39,677 INFO    : GPU_QUERY-Available GPUs are: [0,1], choose GPU#0 to use
2023-11-29 03:01:39,677 INFO    : Begin to train particle09_14
2023-11-29 03:01:39,690 INFO    : Begin to train particle09_15
2023-11-29 03:24:03,781 INFO    : GPU_QUERY-Available GPUs are: [0,1], choose GPU#0 to use
2023-11-29 03:24:03,781 INFO    : Begin to train particle09_16
2023-11-29 03:24:03,796 INFO    : Begin to train particle09_17
2023-11-29 03:46:22,534 INFO    : GPU_QUERY-Available GPUs are: [0,1], choose GPU#0 to use
2023-11-29 03:46:22,534 INFO    : Begin to train particle09_18
2023-11-29 03:46:22,549 INFO    : Begin to train particle09_19
2023-11-29 04:05:54,891 INFO    : GPU_QUERY-Available GPUs are: [0,1], choose GPU#0 to use
2023-11-29 04:06:14,990 INFO    : GPU_QUERY-Available GPUs are: [0,1], choose GPU#0 to use
2023-11-29 04:06:35,078 INFO    : GPU_QUERY-Available GPUs are: [0,1], choose GPU#0 to use
2023-11-29 04:06:55,164 INFO    : GPU_QUERY-Available GPUs are: [0,1], choose GPU#0 to use
2023-11-29 04:07:15,253 INFO    : GPU_QUERY-Available GPUs are: [0,1], choose GPU#0 to use
2023-11-29 04:07:35,339 INFO    : GPU_QUERY-Available GPUs are: [0,1], choose GPU#0 to use
2023-11-29 04:07:55,429 INFO    : GPU_QUERY-Available GPUs are: [0,1], choose GPU#0 to use
2023-11-29 04:08:15,515 INFO    : GPU_QUERY-Available GPUs are: [0,1], choose GPU#0 to use
2023-11-29 04:08:35,609 INFO    : GPU_QUERY-Available GPUs are: [0,1], choose GPU#0 to use
2023-11-29 04:08:55,697 INFO    : GPU_QUERY-Available GPUs are: [0,1], choose GPU#0 to use
2023-11-29 04:09:05,708 INFO    : EVOLVE[9-gen]-Finish the evaluation
2023-11-29 04:09:05,709 INFO    : EVOLVE[9-gen]-Finish the updating
2023-11-29 04:09:05,725 INFO    : EVOLVE[10-gen]-Begin pso evolution
2023-11-29 04:09:05,752 INFO    : EVOLVE[10-gen]-Finish pso evolution
2023-11-29 04:09:05,752 INFO    : EVOLVE[10-gen]-Begin to evaluate the fitness
2023-11-29 04:09:25,901 INFO    : GPU_QUERY-Available GPUs are: [0,1], choose GPU#0 to use
2023-11-29 04:09:25,901 INFO    : Begin to train particle10_00
2023-11-29 04:09:25,915 INFO    : Begin to train particle10_01
2023-11-29 04:33:33,671 INFO    : GPU_QUERY-Available GPUs are: [0,1], choose GPU#0 to use
2023-11-29 04:33:33,671 INFO    : Begin to train particle10_02
2023-11-29 04:33:33,684 INFO    : Begin to train particle10_03
2023-11-29 04:57:05,038 INFO    : GPU_QUERY-Available GPUs are: [0,1], choose GPU#0 to use
2023-11-29 04:57:05,039 INFO    : Begin to train particle10_04
2023-11-29 04:57:05,050 INFO    : Begin to train particle10_05
2023-11-29 05:14:28,452 INFO    : GPU_QUERY-Available GPUs are: [0,1], choose GPU#0 to use
2023-11-29 05:14:28,453 INFO    : Begin to train particle10_06
2023-11-29 05:14:28,466 INFO    : Begin to train particle10_07
2023-11-29 05:35:51,647 INFO    : GPU_QUERY-Available GPUs are: [0,1], choose GPU#0 to use
2023-11-29 05:35:51,647 INFO    : Begin to train particle10_08
2023-11-29 05:35:51,660 INFO    : Begin to train particle10_09
2023-11-29 05:59:56,055 INFO    : GPU_QUERY-Available GPUs are: [0,1], choose GPU#0 to use
2023-11-29 05:59:56,055 INFO    : Begin to train particle10_10
2023-11-29 05:59:56,063 INFO    : Begin to train particle10_11
2023-11-29 06:19:21,983 INFO    : GPU_QUERY-Available GPUs are: [0,1], choose GPU#0 to use
2023-11-29 06:19:21,983 INFO    : Begin to train particle10_12
2023-11-29 06:19:21,995 INFO    : Begin to train particle10_13
2023-11-29 06:39:55,053 INFO    : GPU_QUERY-Available GPUs are: [0,1], choose GPU#0 to use
2023-11-29 06:39:55,053 INFO    : Begin to train particle10_14
2023-11-29 06:39:55,067 INFO    : Begin to train particle10_15
2023-11-29 06:59:42,701 INFO    : GPU_QUERY-Available GPUs are: [0,1], choose GPU#0 to use
2023-11-29 06:59:42,702 INFO    : Begin to train particle10_16
2023-11-29 06:59:42,718 INFO    : Begin to train particle10_17
2023-11-29 07:24:01,819 INFO    : GPU_QUERY-Available GPUs are: [0,1], choose GPU#0 to use
2023-11-29 07:24:01,819 INFO    : Begin to train particle10_18
2023-11-29 07:24:01,832 INFO    : Begin to train particle10_19
2023-11-29 07:46:57,549 INFO    : GPU_QUERY-Available GPUs are: [0,1], choose GPU#0 to use
2023-11-29 07:47:17,648 INFO    : GPU_QUERY-Available GPUs are: [0,1], choose GPU#0 to use
2023-11-29 07:47:37,784 INFO    : GPU_QUERY-Available GPUs are: [0,1], choose GPU#0 to use
2023-11-29 07:47:57,915 INFO    : GPU_QUERY-Available GPUs are: [0,1], choose GPU#0 to use
2023-11-29 07:48:17,996 INFO    : GPU_QUERY-Available GPUs are: [0,1], choose GPU#0 to use
2023-11-29 07:48:38,156 INFO    : GPU_QUERY-Available GPUs are: [0,1], choose GPU#0 to use
2023-11-29 07:48:58,242 INFO    : GPU_QUERY-Available GPUs are: [0,1], choose GPU#0 to use
2023-11-29 07:49:18,328 INFO    : GPU_QUERY-Available GPUs are: [0,1], choose GPU#0 to use
2023-11-29 07:49:38,443 INFO    : GPU_QUERY-Available GPUs are: [0,1], choose GPU#0 to use
2023-11-29 07:49:58,579 INFO    : GPU_QUERY-Available GPUs are: [0,1], choose GPU#0 to use
2023-11-29 07:50:08,588 INFO    : EVOLVE[10-gen]-Finish the evaluation
2023-11-29 07:50:08,589 INFO    : EVOLVE[10-gen]-Finish the updating
2023-11-29 07:50:08,611 INFO    : EVOLVE[11-gen]-Begin pso evolution
2023-11-29 07:50:08,655 INFO    : EVOLVE[11-gen]-Finish pso evolution
2023-11-29 07:50:08,655 INFO    : EVOLVE[11-gen]-Begin to evaluate the fitness
2023-11-29 07:50:28,838 INFO    : GPU_QUERY-Available GPUs are: [0,1], choose GPU#0 to use
2023-11-29 07:50:28,838 INFO    : Begin to train particle11_00
2023-11-29 07:50:28,852 INFO    : Begin to train particle11_01
2023-11-29 08:03:43,956 INFO    : GPU_QUERY-Available GPUs are: [0,1], choose GPU#0 to use
2023-11-29 08:03:43,957 INFO    : Begin to train particle11_02
2023-11-29 08:03:43,969 INFO    : Begin to train particle11_03
2023-11-29 08:27:50,556 INFO    : GPU_QUERY-Available GPUs are: [0,1], choose GPU#0 to use
2023-11-29 08:27:50,556 INFO    : Begin to train particle11_04
2023-11-29 08:27:50,570 INFO    : Begin to train particle11_05
2023-11-29 08:48:32,534 INFO    : GPU_QUERY-Available GPUs are: [0,1], choose GPU#0 to use
2023-11-29 08:48:32,534 INFO    : Begin to train particle11_06
2023-11-29 08:48:32,547 INFO    : Begin to train particle11_07
2023-11-29 09:08:45,186 INFO    : GPU_QUERY-Available GPUs are: [0,1], choose GPU#0 to use
2023-11-29 09:08:45,186 INFO    : Begin to train particle11_08
2023-11-29 09:08:45,199 INFO    : Begin to train particle11_09
2023-11-29 09:31:59,473 INFO    : GPU_QUERY-Available GPUs are: [0,1], choose GPU#0 to use
2023-11-29 09:31:59,473 INFO    : Begin to train particle11_10
2023-11-29 09:31:59,489 INFO    : Begin to train particle11_11
2023-11-29 09:46:06,908 INFO    : GPU_QUERY-Available GPUs are: [0,1], choose GPU#0 to use
2023-11-29 09:46:06,908 INFO    : Begin to train particle11_12
2023-11-29 09:46:06,922 INFO    : Begin to train particle11_13
2023-11-29 10:00:27,397 INFO    : GPU_QUERY-Available GPUs are: [0,1], choose GPU#0 to use
2023-11-29 10:00:27,398 INFO    : Begin to train particle11_14
2023-11-29 10:00:27,410 INFO    : Begin to train particle11_15
2023-11-29 10:14:31,670 INFO    : GPU_QUERY-Available GPUs are: [0,1], choose GPU#0 to use
2023-11-29 10:14:31,671 INFO    : Begin to train particle11_16
2023-11-29 10:14:31,686 INFO    : Begin to train particle11_17
2023-11-29 10:38:42,622 INFO    : GPU_QUERY-Available GPUs are: [0,1], choose GPU#0 to use
2023-11-29 10:38:42,623 INFO    : Begin to train particle11_18
2023-11-29 10:38:42,641 INFO    : Begin to train particle11_19
2023-11-29 11:02:51,975 INFO    : GPU_QUERY-Available GPUs are: [0,1], choose GPU#0 to use
2023-11-29 11:03:12,070 INFO    : GPU_QUERY-Available GPUs are: [0,1], choose GPU#0 to use
2023-11-29 11:03:32,190 INFO    : GPU_QUERY-Available GPUs are: [0,1], choose GPU#0 to use
2023-11-29 11:03:52,283 INFO    : GPU_QUERY-Available GPUs are: [0,1], choose GPU#0 to use
2023-11-29 11:04:12,388 INFO    : GPU_QUERY-Available GPUs are: [0,1], choose GPU#0 to use
2023-11-29 11:04:32,499 INFO    : GPU_QUERY-Available GPUs are: [0,1], choose GPU#0 to use
2023-11-29 11:04:52,580 INFO    : GPU_QUERY-Available GPUs are: [0,1], choose GPU#0 to use
2023-11-29 11:05:12,678 INFO    : GPU_QUERY-Available GPUs are: [0,1], choose GPU#0 to use
2023-11-29 11:05:32,756 INFO    : GPU_QUERY-Available GPUs are: [0,1], choose GPU#0 to use
2023-11-29 11:05:52,846 INFO    : GPU_QUERY-Available GPUs are: [0,1], choose GPU#0 to use
2023-11-29 11:06:02,857 INFO    : EVOLVE[11-gen]-Finish the evaluation
2023-11-29 11:06:02,858 INFO    : EVOLVE[11-gen]-Finish the updating
2023-11-29 11:06:02,877 INFO    : EVOLVE[12-gen]-Begin pso evolution
2023-11-29 11:06:02,903 INFO    : EVOLVE[12-gen]-Finish pso evolution
2023-11-29 11:06:02,903 INFO    : EVOLVE[12-gen]-Begin to evaluate the fitness
2023-11-29 11:06:23,039 INFO    : GPU_QUERY-Available GPUs are: [0,1], choose GPU#0 to use
2023-11-29 11:06:23,040 INFO    : Begin to train particle12_00
2023-11-29 11:06:23,055 INFO    : Begin to train particle12_01
2023-11-29 11:27:49,907 INFO    : GPU_QUERY-Available GPUs are: [0,1], choose GPU#0 to use
2023-11-29 11:27:49,907 INFO    : Begin to train particle12_02
2023-11-29 11:27:49,920 INFO    : Begin to train particle12_03
2023-11-29 11:50:19,305 INFO    : GPU_QUERY-Available GPUs are: [0,1], choose GPU#0 to use
2023-11-29 11:50:19,305 INFO    : Begin to train particle12_04
2023-11-29 11:50:19,319 INFO    : Begin to train particle12_05
2023-11-29 12:06:32,042 INFO    : GPU_QUERY-Available GPUs are: [0,1], choose GPU#0 to use
2023-11-29 12:06:32,042 INFO    : Begin to train particle12_06
2023-11-29 12:06:32,057 INFO    : Begin to train particle12_07
2023-11-29 12:30:00,752 INFO    : GPU_QUERY-Available GPUs are: [0,1], choose GPU#0 to use
2023-11-29 12:30:00,753 INFO    : Begin to train particle12_08
2023-11-29 12:30:00,770 INFO    : Begin to train particle12_09
2023-11-29 12:53:09,913 INFO    : GPU_QUERY-Available GPUs are: [0,1], choose GPU#0 to use
2023-11-29 12:53:09,913 INFO    : Begin to train particle12_10
2023-11-29 12:53:09,926 INFO    : Begin to train particle12_11
2023-11-29 13:18:17,598 INFO    : GPU_QUERY-Available GPUs are: [0,1], choose GPU#0 to use
2023-11-29 13:18:17,599 INFO    : Begin to train particle12_12
2023-11-29 13:18:17,612 INFO    : Begin to train particle12_13
2023-11-29 13:39:50,043 INFO    : GPU_QUERY-Available GPUs are: [0,1], choose GPU#0 to use
2023-11-29 13:39:50,044 INFO    : Begin to train particle12_14
2023-11-29 13:39:50,059 INFO    : Begin to train particle12_15
2023-11-29 14:05:02,283 INFO    : GPU_QUERY-Available GPUs are: [0,1], choose GPU#0 to use
2023-11-29 14:05:02,284 INFO    : Begin to train particle12_16
2023-11-29 14:05:02,298 INFO    : Begin to train particle12_17
2023-11-29 14:26:45,097 INFO    : GPU_QUERY-Available GPUs are: [0,1], choose GPU#0 to use
2023-11-29 14:26:45,097 INFO    : Begin to train particle12_18
2023-11-29 14:26:45,107 INFO    : Begin to train particle12_19
2023-11-29 14:47:55,902 INFO    : GPU_QUERY-Available GPUs are: [0,1], choose GPU#0 to use
2023-11-29 14:48:15,995 INFO    : GPU_QUERY-Available GPUs are: [0,1], choose GPU#0 to use
2023-11-29 14:48:36,080 INFO    : GPU_QUERY-Available GPUs are: [0,1], choose GPU#0 to use
2023-11-29 14:48:56,164 INFO    : GPU_QUERY-Available GPUs are: [0,1], choose GPU#0 to use
2023-11-29 14:49:16,272 INFO    : GPU_QUERY-Available GPUs are: [0,1], choose GPU#0 to use
2023-11-29 14:49:36,405 INFO    : GPU_QUERY-Available GPUs are: [0,1], choose GPU#0 to use
2023-11-29 14:49:56,529 INFO    : GPU_QUERY-Available GPUs are: [0,1], choose GPU#0 to use
2023-11-29 14:50:16,619 INFO    : GPU_QUERY-Available GPUs are: [0,1], choose GPU#0 to use
2023-11-29 14:50:36,707 INFO    : GPU_QUERY-Available GPUs are: [0,1], choose GPU#0 to use
2023-11-29 14:50:56,830 INFO    : GPU_QUERY-Available GPUs are: [0,1], choose GPU#0 to use
2023-11-29 14:51:06,841 INFO    : EVOLVE[12-gen]-Finish the evaluation
2023-11-29 14:51:06,841 INFO    : EVOLVE[12-gen]-Finish the updating
2023-11-29 14:51:06,864 INFO    : EVOLVE[13-gen]-Begin pso evolution
2023-11-29 14:51:06,896 INFO    : EVOLVE[13-gen]-Finish pso evolution
2023-11-29 14:51:06,896 INFO    : EVOLVE[13-gen]-Begin to evaluate the fitness
2023-11-29 14:51:27,053 INFO    : GPU_QUERY-Available GPUs are: [0,1], choose GPU#0 to use
2023-11-29 14:51:27,053 INFO    : Begin to train particle13_00
2023-11-29 14:51:27,074 INFO    : Begin to train particle13_01
2023-11-29 15:12:56,607 INFO    : GPU_QUERY-Available GPUs are: [0,1], choose GPU#0 to use
2023-11-29 15:12:56,608 INFO    : Begin to train particle13_02
2023-11-29 15:12:56,619 INFO    : Begin to train particle13_03
2023-11-29 15:25:24,661 INFO    : GPU_QUERY-Available GPUs are: [0,1], choose GPU#0 to use
2023-11-29 15:25:24,662 INFO    : Begin to train particle13_04
2023-11-29 15:25:24,678 INFO    : Begin to train particle13_05
2023-11-29 15:41:55,006 INFO    : GPU_QUERY-Available GPUs are: [0,1], choose GPU#0 to use
2023-11-29 15:41:55,007 INFO    : Begin to train particle13_06
2023-11-29 15:41:55,018 INFO    : Begin to train particle13_07
2023-11-29 16:04:39,035 INFO    : GPU_QUERY-Available GPUs are: [0,1], choose GPU#0 to use
2023-11-29 16:04:39,036 INFO    : Begin to train particle13_08
2023-11-29 16:04:39,053 INFO    : Begin to train particle13_09
2023-11-29 16:26:40,231 INFO    : GPU_QUERY-Available GPUs are: [0,1], choose GPU#0 to use
2023-11-29 16:26:40,232 INFO    : Begin to train particle13_10
2023-11-29 16:26:40,247 INFO    : Begin to train particle13_11
2023-11-29 16:49:58,478 INFO    : GPU_QUERY-Available GPUs are: [0,1], choose GPU#0 to use
2023-11-29 16:49:58,479 INFO    : Begin to train particle13_12
2023-11-29 16:49:58,489 INFO    : Begin to train particle13_13
2023-11-29 17:15:19,820 INFO    : GPU_QUERY-Available GPUs are: [0,1], choose GPU#0 to use
2023-11-29 17:15:19,820 INFO    : Begin to train particle13_14
2023-11-29 17:15:19,836 INFO    : Begin to train particle13_15
2023-11-29 17:39:02,247 INFO    : GPU_QUERY-Available GPUs are: [0,1], choose GPU#0 to use
2023-11-29 17:39:02,247 INFO    : Begin to train particle13_16
2023-11-29 17:39:02,263 INFO    : Begin to train particle13_17
2023-11-29 17:59:32,295 INFO    : GPU_QUERY-Available GPUs are: [0,1], choose GPU#0 to use
2023-11-29 17:59:32,296 INFO    : Begin to train particle13_18
2023-11-29 17:59:32,311 INFO    : Begin to train particle13_19
2023-11-29 18:14:39,567 INFO    : GPU_QUERY-Available GPUs are: [0,1], choose GPU#0 to use
2023-11-29 18:14:59,677 INFO    : GPU_QUERY-Available GPUs are: [0,1], choose GPU#0 to use
2023-11-29 18:15:19,772 INFO    : GPU_QUERY-Available GPUs are: [0,1], choose GPU#0 to use
2023-11-29 18:15:39,901 INFO    : GPU_QUERY-Available GPUs are: [0,1], choose GPU#0 to use
2023-11-29 18:15:59,986 INFO    : GPU_QUERY-Available GPUs are: [0,1], choose GPU#0 to use
2023-11-29 18:16:20,074 INFO    : GPU_QUERY-Available GPUs are: [0,1], choose GPU#0 to use
2023-11-29 18:16:40,207 INFO    : GPU_QUERY-Available GPUs are: [0,1], choose GPU#0 to use
2023-11-29 18:17:00,296 INFO    : GPU_QUERY-Available GPUs are: [0,1], choose GPU#0 to use
2023-11-29 18:17:20,396 INFO    : GPU_QUERY-Available GPUs are: [0,1], choose GPU#0 to use
2023-11-29 18:17:40,499 INFO    : GPU_QUERY-Available GPUs are: [0,1], choose GPU#0 to use
2023-11-29 18:17:50,508 INFO    : EVOLVE[13-gen]-Finish the evaluation
2023-11-29 18:17:50,509 INFO    : EVOLVE[13-gen]-Finish the updating
2023-11-29 18:17:50,548 INFO    : EVOLVE[14-gen]-Begin pso evolution
2023-11-29 18:17:50,581 INFO    : EVOLVE[14-gen]-Finish pso evolution
2023-11-29 18:17:50,581 INFO    : EVOLVE[14-gen]-Begin to evaluate the fitness
2023-11-29 18:18:10,778 INFO    : GPU_QUERY-Available GPUs are: [0,1], choose GPU#0 to use
2023-11-29 18:18:10,778 INFO    : Begin to train particle14_00
2023-11-29 18:18:10,791 INFO    : Begin to train particle14_01
2023-11-29 18:40:34,679 INFO    : GPU_QUERY-Available GPUs are: [0,1], choose GPU#0 to use
2023-11-29 18:40:34,679 INFO    : Begin to train particle14_02
2023-11-29 18:40:34,695 INFO    : Begin to train particle14_03
2023-11-29 19:03:00,157 INFO    : GPU_QUERY-Available GPUs are: [0,1], choose GPU#0 to use
2023-11-29 19:03:00,158 INFO    : Begin to train particle14_04
2023-11-29 19:03:00,170 INFO    : Begin to train particle14_05
2023-11-29 19:20:55,904 INFO    : GPU_QUERY-Available GPUs are: [0,1], choose GPU#0 to use
2023-11-29 19:20:55,905 INFO    : Begin to train particle14_06
2023-11-29 19:20:55,913 INFO    : Begin to train particle14_07
2023-11-29 19:41:03,714 INFO    : GPU_QUERY-Available GPUs are: [0,1], choose GPU#0 to use
2023-11-29 19:41:03,715 INFO    : Begin to train particle14_08
2023-11-29 19:41:03,729 INFO    : Begin to train particle14_09
2023-11-29 19:57:43,830 INFO    : GPU_QUERY-Available GPUs are: [0,1], choose GPU#0 to use
2023-11-29 19:57:43,831 INFO    : Begin to train particle14_10
2023-11-29 19:57:43,848 INFO    : Begin to train particle14_11
2023-11-29 20:20:02,975 INFO    : GPU_QUERY-Available GPUs are: [0,1], choose GPU#0 to use
2023-11-29 20:20:02,976 INFO    : Begin to train particle14_12
2023-11-29 20:20:02,990 INFO    : Begin to train particle14_13
2023-11-29 20:40:55,455 INFO    : GPU_QUERY-Available GPUs are: [0,1], choose GPU#0 to use
2023-11-29 20:40:55,455 INFO    : Begin to train particle14_14
2023-11-29 20:40:55,469 INFO    : Begin to train particle14_15
2023-11-29 21:04:45,015 INFO    : GPU_QUERY-Available GPUs are: [0,1], choose GPU#0 to use
2023-11-29 21:04:45,015 INFO    : Begin to train particle14_16
2023-11-29 21:04:45,027 INFO    : Begin to train particle14_17
2023-11-29 21:26:10,438 INFO    : GPU_QUERY-Available GPUs are: [0,1], choose GPU#0 to use
2023-11-29 21:26:10,439 INFO    : Begin to train particle14_18
2023-11-29 21:26:10,453 INFO    : Begin to train particle14_19
2023-11-29 21:51:44,649 INFO    : GPU_QUERY-Available GPUs are: [0,1], choose GPU#0 to use
2023-11-29 21:52:04,771 INFO    : GPU_QUERY-Available GPUs are: [0,1], choose GPU#0 to use
2023-11-29 21:52:24,878 INFO    : GPU_QUERY-Available GPUs are: [0,1], choose GPU#0 to use
2023-11-29 21:52:44,988 INFO    : GPU_QUERY-Available GPUs are: [0,1], choose GPU#0 to use
2023-11-29 21:53:05,075 INFO    : GPU_QUERY-Available GPUs are: [0,1], choose GPU#0 to use
2023-11-29 21:53:25,176 INFO    : GPU_QUERY-Available GPUs are: [0,1], choose GPU#0 to use
2023-11-29 21:53:45,304 INFO    : GPU_QUERY-Available GPUs are: [0,1], choose GPU#0 to use
2023-11-29 21:54:05,403 INFO    : GPU_QUERY-Available GPUs are: [0,1], choose GPU#0 to use
2023-11-29 21:54:25,500 INFO    : GPU_QUERY-Available GPUs are: [0,1], choose GPU#0 to use
2023-11-29 21:54:45,592 INFO    : GPU_QUERY-Available GPUs are: [0,1], choose GPU#0 to use
2023-11-29 21:54:55,600 INFO    : EVOLVE[14-gen]-Finish the evaluation
2023-11-29 21:54:55,601 INFO    : EVOLVE[14-gen]-Finish the updating
2023-11-29 21:54:55,641 INFO    : EVOLVE[15-gen]-Begin pso evolution
2023-11-29 21:54:55,706 INFO    : EVOLVE[15-gen]-Finish pso evolution
2023-11-29 21:54:55,706 INFO    : EVOLVE[15-gen]-Begin to evaluate the fitness
2023-11-29 21:55:15,900 INFO    : GPU_QUERY-Available GPUs are: [0,1], choose GPU#0 to use
2023-11-29 21:55:15,900 INFO    : Begin to train particle15_00
2023-11-29 21:55:15,916 INFO    : Begin to train particle15_01
2023-11-29 22:19:49,767 INFO    : GPU_QUERY-Available GPUs are: [0,1], choose GPU#0 to use
2023-11-29 22:19:49,768 INFO    : Begin to train particle15_02
2023-11-29 22:19:49,785 INFO    : Begin to train particle15_03
2023-11-29 22:41:14,454 INFO    : GPU_QUERY-Available GPUs are: [0,1], choose GPU#0 to use
2023-11-29 22:41:14,454 INFO    : Begin to train particle15_04
2023-11-29 22:41:14,473 INFO    : Begin to train particle15_05
2023-11-29 22:56:45,038 INFO    : GPU_QUERY-Available GPUs are: [0,1], choose GPU#0 to use
2023-11-29 22:56:45,038 INFO    : Begin to train particle15_06
2023-11-29 22:56:45,054 INFO    : Begin to train particle15_07
2023-11-29 23:20:50,571 INFO    : GPU_QUERY-Available GPUs are: [0,1], choose GPU#0 to use
2023-11-29 23:20:50,571 INFO    : Begin to train particle15_08
2023-11-29 23:20:50,593 INFO    : Begin to train particle15_09
2023-11-29 23:46:27,870 INFO    : GPU_QUERY-Available GPUs are: [0,1], choose GPU#0 to use
2023-11-29 23:46:27,871 INFO    : Begin to train particle15_10
2023-11-29 23:46:27,885 INFO    : Begin to train particle15_11
2023-11-30 00:08:47,110 INFO    : GPU_QUERY-Available GPUs are: [0,1], choose GPU#0 to use
2023-11-30 00:08:47,111 INFO    : Begin to train particle15_12
2023-11-30 00:08:47,122 INFO    : Begin to train particle15_13
2023-11-30 00:34:09,814 INFO    : GPU_QUERY-Available GPUs are: [0,1], choose GPU#0 to use
2023-11-30 00:34:09,815 INFO    : Begin to train particle15_14
2023-11-30 00:34:09,835 INFO    : Begin to train particle15_15
2023-11-30 00:57:36,033 INFO    : GPU_QUERY-Available GPUs are: [0,1], choose GPU#0 to use
2023-11-30 00:57:36,033 INFO    : Begin to train particle15_16
2023-11-30 00:57:36,044 INFO    : Begin to train particle15_17
2023-11-30 01:23:18,767 INFO    : GPU_QUERY-Available GPUs are: [0,1], choose GPU#0 to use
2023-11-30 01:23:18,767 INFO    : Begin to train particle15_18
2023-11-30 01:23:18,776 INFO    : Begin to train particle15_19
2023-11-30 01:47:27,863 INFO    : GPU_QUERY-Available GPUs are: [0,1], choose GPU#0 to use
2023-11-30 01:47:47,946 INFO    : GPU_QUERY-Available GPUs are: [0,1], choose GPU#0 to use
2023-11-30 01:48:08,038 INFO    : GPU_QUERY-Available GPUs are: [0,1], choose GPU#0 to use
2023-11-30 01:48:28,165 INFO    : GPU_QUERY-Available GPUs are: [0,1], choose GPU#0 to use
2023-11-30 01:48:48,284 INFO    : GPU_QUERY-Available GPUs are: [0,1], choose GPU#0 to use
2023-11-30 01:49:08,365 INFO    : GPU_QUERY-Available GPUs are: [0,1], choose GPU#0 to use
2023-11-30 01:49:28,454 INFO    : GPU_QUERY-Available GPUs are: [0,1], choose GPU#0 to use
2023-11-30 01:49:48,544 INFO    : GPU_QUERY-Available GPUs are: [0,1], choose GPU#0 to use
2023-11-30 01:50:08,634 INFO    : GPU_QUERY-Available GPUs are: [0,1], choose GPU#0 to use
2023-11-30 01:50:28,772 INFO    : GPU_QUERY-Available GPUs are: [0,1], choose GPU#0 to use
2023-11-30 01:50:38,780 INFO    : EVOLVE[15-gen]-Finish the evaluation
2023-11-30 01:50:38,781 INFO    : EVOLVE[15-gen]-Finish the updating
2023-11-30 01:50:38,827 INFO    : EVOLVE[16-gen]-Begin pso evolution
2023-11-30 01:50:38,871 INFO    : EVOLVE[16-gen]-Finish pso evolution
2023-11-30 01:50:38,871 INFO    : EVOLVE[16-gen]-Begin to evaluate the fitness
2023-11-30 01:50:59,070 INFO    : GPU_QUERY-Available GPUs are: [0,1], choose GPU#0 to use
2023-11-30 01:50:59,070 INFO    : Begin to train particle16_00
2023-11-30 01:50:59,087 INFO    : Begin to train particle16_01
2023-11-30 02:18:27,930 INFO    : GPU_QUERY-Available GPUs are: [0,1], choose GPU#0 to use
2023-11-30 02:18:27,931 INFO    : Begin to train particle16_02
2023-11-30 02:18:27,946 INFO    : Begin to train particle16_03
2023-11-30 02:42:48,736 INFO    : GPU_QUERY-Available GPUs are: [0,1], choose GPU#0 to use
2023-11-30 02:42:48,736 INFO    : Begin to train particle16_04
2023-11-30 02:42:48,750 INFO    : Begin to train particle16_05
2023-11-30 02:59:59,448 INFO    : GPU_QUERY-Available GPUs are: [0,1], choose GPU#0 to use
2023-11-30 02:59:59,449 INFO    : Begin to train particle16_06
2023-11-30 02:59:59,461 INFO    : Begin to train particle16_07
2023-11-30 03:17:48,115 INFO    : GPU_QUERY-Available GPUs are: [0,1], choose GPU#0 to use
2023-11-30 03:17:48,115 INFO    : Begin to train particle16_08
2023-11-30 03:17:48,128 INFO    : Begin to train particle16_09
2023-11-30 03:33:47,675 INFO    : GPU_QUERY-Available GPUs are: [0,1], choose GPU#0 to use
2023-11-30 03:33:47,676 INFO    : Begin to train particle16_10
2023-11-30 03:33:47,690 INFO    : Begin to train particle16_11
2023-11-30 03:59:11,237 INFO    : GPU_QUERY-Available GPUs are: [0,1], choose GPU#0 to use
2023-11-30 03:59:11,237 INFO    : Begin to train particle16_12
2023-11-30 03:59:11,253 INFO    : Begin to train particle16_13
2023-11-30 04:20:09,234 INFO    : GPU_QUERY-Available GPUs are: [0,1], choose GPU#0 to use
2023-11-30 04:20:09,235 INFO    : Begin to train particle16_14
2023-11-30 04:20:09,248 INFO    : Begin to train particle16_15
2023-11-30 04:44:53,303 INFO    : GPU_QUERY-Available GPUs are: [0,1], choose GPU#0 to use
2023-11-30 04:44:53,304 INFO    : Begin to train particle16_16
2023-11-30 04:44:53,316 INFO    : Begin to train particle16_17
2023-11-30 05:08:17,961 INFO    : GPU_QUERY-Available GPUs are: [0,1], choose GPU#0 to use
2023-11-30 05:08:17,962 INFO    : Begin to train particle16_18
2023-11-30 05:08:17,978 INFO    : Begin to train particle16_19
2023-11-30 05:33:27,262 INFO    : GPU_QUERY-Available GPUs are: [0,1], choose GPU#0 to use
2023-11-30 05:33:47,352 INFO    : GPU_QUERY-Available GPUs are: [0,1], choose GPU#0 to use
2023-11-30 05:34:07,424 INFO    : GPU_QUERY-Available GPUs are: [0,1], choose GPU#0 to use
2023-11-30 05:34:27,510 INFO    : GPU_QUERY-Available GPUs are: [0,1], choose GPU#0 to use
2023-11-30 05:34:47,602 INFO    : GPU_QUERY-Available GPUs are: [0,1], choose GPU#0 to use
2023-11-30 05:35:07,685 INFO    : GPU_QUERY-Available GPUs are: [0,1], choose GPU#0 to use
2023-11-30 05:35:27,770 INFO    : GPU_QUERY-Available GPUs are: [0,1], choose GPU#0 to use
2023-11-30 05:35:47,872 INFO    : GPU_QUERY-Available GPUs are: [0,1], choose GPU#0 to use
2023-11-30 05:36:07,958 INFO    : GPU_QUERY-Available GPUs are: [0,1], choose GPU#0 to use
2023-11-30 05:36:28,052 INFO    : GPU_QUERY-Available GPUs are: [0,1], choose GPU#0 to use
2023-11-30 05:36:38,060 INFO    : EVOLVE[16-gen]-Finish the evaluation
2023-11-30 05:36:38,061 INFO    : EVOLVE[16-gen]-Finish the updating
2023-11-30 05:36:38,109 INFO    : EVOLVE[17-gen]-Begin pso evolution
2023-11-30 05:36:38,147 INFO    : EVOLVE[17-gen]-Finish pso evolution
2023-11-30 05:36:38,147 INFO    : EVOLVE[17-gen]-Begin to evaluate the fitness
2023-11-30 05:36:58,304 INFO    : GPU_QUERY-Available GPUs are: [0,1], choose GPU#0 to use
2023-11-30 05:36:58,304 INFO    : Begin to train particle17_00
2023-11-30 05:36:58,319 INFO    : Begin to train particle17_01
2023-11-30 05:59:44,051 INFO    : GPU_QUERY-Available GPUs are: [0,1], choose GPU#0 to use
2023-11-30 05:59:44,051 INFO    : Begin to train particle17_02
2023-11-30 05:59:44,064 INFO    : Begin to train particle17_03
2023-11-30 06:20:18,228 INFO    : GPU_QUERY-Available GPUs are: [0,1], choose GPU#0 to use
2023-11-30 06:20:18,229 INFO    : Begin to train particle17_04
2023-11-30 06:20:18,246 INFO    : Begin to train particle17_05
2023-11-30 06:37:31,737 INFO    : GPU_QUERY-Available GPUs are: [0,1], choose GPU#0 to use
2023-11-30 06:37:31,737 INFO    : Begin to train particle17_06
2023-11-30 06:37:31,747 INFO    : Begin to train particle17_07
2023-11-30 07:03:23,121 INFO    : GPU_QUERY-Available GPUs are: [0,1], choose GPU#0 to use
2023-11-30 07:03:23,121 INFO    : Begin to train particle17_08
2023-11-30 07:03:23,135 INFO    : Begin to train particle17_09
2023-11-30 07:25:25,656 INFO    : GPU_QUERY-Available GPUs are: [0,1], choose GPU#0 to use
2023-11-30 07:25:25,657 INFO    : Begin to train particle17_10
2023-11-30 07:25:25,668 INFO    : Begin to train particle17_11
2023-11-30 07:48:00,815 INFO    : GPU_QUERY-Available GPUs are: [0,1], choose GPU#0 to use
2023-11-30 07:48:00,816 INFO    : Begin to train particle17_12
2023-11-30 07:48:00,831 INFO    : Begin to train particle17_13
2023-11-30 08:11:13,249 INFO    : GPU_QUERY-Available GPUs are: [0,1], choose GPU#0 to use
2023-11-30 08:11:13,250 INFO    : Begin to train particle17_14
2023-11-30 08:11:13,266 INFO    : Begin to train particle17_15
2023-11-30 08:34:38,906 INFO    : GPU_QUERY-Available GPUs are: [0,1], choose GPU#0 to use
2023-11-30 08:34:38,906 INFO    : Begin to train particle17_16
2023-11-30 08:34:38,923 INFO    : Begin to train particle17_17
2023-11-30 08:58:15,755 INFO    : GPU_QUERY-Available GPUs are: [0,1], choose GPU#0 to use
2023-11-30 08:58:15,755 INFO    : Begin to train particle17_18
2023-11-30 08:58:15,765 INFO    : Begin to train particle17_19
2023-11-30 09:21:15,119 INFO    : GPU_QUERY-Available GPUs are: [0,1], choose GPU#0 to use
2023-11-30 09:21:35,221 INFO    : GPU_QUERY-Available GPUs are: [0,1], choose GPU#0 to use
2023-11-30 09:21:55,302 INFO    : GPU_QUERY-Available GPUs are: [0,1], choose GPU#0 to use
2023-11-30 09:22:15,398 INFO    : GPU_QUERY-Available GPUs are: [0,1], choose GPU#0 to use
2023-11-30 09:22:35,483 INFO    : GPU_QUERY-Available GPUs are: [0,1], choose GPU#0 to use
2023-11-30 09:22:55,573 INFO    : GPU_QUERY-Available GPUs are: [0,1], choose GPU#0 to use
2023-11-30 09:23:15,659 INFO    : GPU_QUERY-Available GPUs are: [0,1], choose GPU#0 to use
2023-11-30 09:23:35,776 INFO    : GPU_QUERY-Available GPUs are: [0,1], choose GPU#0 to use
2023-11-30 09:23:55,883 INFO    : GPU_QUERY-Available GPUs are: [0,1], choose GPU#0 to use
2023-11-30 09:24:15,969 INFO    : GPU_QUERY-Available GPUs are: [0,1], choose GPU#0 to use
2023-11-30 09:24:25,976 INFO    : EVOLVE[17-gen]-Finish the evaluation
2023-11-30 09:24:25,977 INFO    : EVOLVE[17-gen]-Finish the updating
2023-11-30 09:24:26,010 INFO    : EVOLVE[18-gen]-Begin pso evolution
2023-11-30 09:24:26,058 INFO    : EVOLVE[18-gen]-Finish pso evolution
2023-11-30 09:24:26,058 INFO    : EVOLVE[18-gen]-Begin to evaluate the fitness
2023-11-30 09:24:46,300 INFO    : GPU_QUERY-Available GPUs are: [0,1], choose GPU#0 to use
2023-11-30 09:24:46,301 INFO    : Begin to train particle18_00
2023-11-30 09:24:46,316 INFO    : Begin to train particle18_01
2023-11-30 09:44:18,224 INFO    : GPU_QUERY-Available GPUs are: [0,1], choose GPU#0 to use
2023-11-30 09:44:18,225 INFO    : Begin to train particle18_02
2023-11-30 09:44:18,241 INFO    : Begin to train particle18_03
2023-11-30 10:06:07,152 INFO    : GPU_QUERY-Available GPUs are: [0,1], choose GPU#0 to use
2023-11-30 10:06:07,153 INFO    : Begin to train particle18_04
2023-11-30 10:06:07,175 INFO    : Begin to train particle18_05
2023-11-30 10:20:21,205 INFO    : GPU_QUERY-Available GPUs are: [0,1], choose GPU#0 to use
2023-11-30 10:20:21,206 INFO    : Begin to train particle18_06
2023-11-30 10:20:21,221 INFO    : Begin to train particle18_07
2023-11-30 10:42:46,808 INFO    : GPU_QUERY-Available GPUs are: [0,1], choose GPU#0 to use
2023-11-30 10:42:46,808 INFO    : Begin to train particle18_08
2023-11-30 10:42:46,823 INFO    : Begin to train particle18_09
2023-11-30 11:05:45,720 INFO    : GPU_QUERY-Available GPUs are: [0,1], choose GPU#0 to use
2023-11-30 11:05:45,721 INFO    : Begin to train particle18_10
2023-11-30 11:05:45,732 INFO    : Begin to train particle18_11
2023-11-30 11:28:43,522 INFO    : GPU_QUERY-Available GPUs are: [0,1], choose GPU#0 to use
2023-11-30 11:28:43,523 INFO    : Begin to train particle18_12
2023-11-30 11:28:43,537 INFO    : Begin to train particle18_13
2023-11-30 11:54:03,346 INFO    : GPU_QUERY-Available GPUs are: [0,1], choose GPU#0 to use
2023-11-30 11:54:03,347 INFO    : Begin to train particle18_14
2023-11-30 11:54:03,362 INFO    : Begin to train particle18_15
2023-11-30 12:15:29,983 INFO    : GPU_QUERY-Available GPUs are: [0,1], choose GPU#0 to use
2023-11-30 12:15:29,983 INFO    : Begin to train particle18_16
2023-11-30 12:15:29,997 INFO    : Begin to train particle18_17
2023-11-30 12:36:01,640 INFO    : GPU_QUERY-Available GPUs are: [0,1], choose GPU#0 to use
2023-11-30 12:36:01,641 INFO    : Begin to train particle18_18
2023-11-30 12:36:01,650 INFO    : Begin to train particle18_19
2023-11-30 13:03:57,131 INFO    : GPU_QUERY-Available GPUs are: [0,1], choose GPU#0 to use
2023-11-30 13:04:17,271 INFO    : GPU_QUERY-Available GPUs are: [0,1], choose GPU#0 to use
2023-11-30 13:04:37,380 INFO    : GPU_QUERY-Available GPUs are: [0,1], choose GPU#0 to use
2023-11-30 13:04:57,484 INFO    : GPU_QUERY-Available GPUs are: [0,1], choose GPU#0 to use
2023-11-30 13:05:17,572 INFO    : GPU_QUERY-Available GPUs are: [0,1], choose GPU#0 to use
2023-11-30 13:05:37,659 INFO    : GPU_QUERY-Available GPUs are: [0,1], choose GPU#0 to use
2023-11-30 13:05:57,753 INFO    : GPU_QUERY-Available GPUs are: [0,1], choose GPU#0 to use
2023-11-30 13:06:17,849 INFO    : GPU_QUERY-Available GPUs are: [0,1], choose GPU#0 to use
2023-11-30 13:06:37,936 INFO    : GPU_QUERY-Available GPUs are: [0,1], choose GPU#0 to use
2023-11-30 13:06:58,029 INFO    : GPU_QUERY-Available GPUs are: [0,1], choose GPU#0 to use
2023-11-30 13:07:08,040 INFO    : EVOLVE[18-gen]-Finish the evaluation
2023-11-30 13:07:08,040 INFO    : EVOLVE[18-gen]-Finish the updating
2023-11-30 13:07:08,088 INFO    : EVOLVE[19-gen]-Begin pso evolution
2023-11-30 13:07:08,168 INFO    : EVOLVE[19-gen]-Finish pso evolution
2023-11-30 13:07:08,168 INFO    : EVOLVE[19-gen]-Begin to evaluate the fitness
2023-11-30 13:07:28,471 INFO    : GPU_QUERY-Available GPUs are: [0,1], choose GPU#0 to use
2023-11-30 13:07:28,471 INFO    : Begin to train particle19_00
2023-11-30 13:07:28,488 INFO    : Begin to train particle19_01
2023-11-30 13:28:24,711 INFO    : GPU_QUERY-Available GPUs are: [0,1], choose GPU#0 to use
2023-11-30 13:28:24,712 INFO    : Begin to train particle19_02
2023-11-30 13:28:24,726 INFO    : Begin to train particle19_03
2023-11-30 13:49:32,637 INFO    : GPU_QUERY-Available GPUs are: [0,1], choose GPU#0 to use
2023-11-30 13:49:32,638 INFO    : Begin to train particle19_04
2023-11-30 13:49:32,648 INFO    : Begin to train particle19_05
2023-11-30 14:09:05,947 INFO    : GPU_QUERY-Available GPUs are: [0,1], choose GPU#0 to use
2023-11-30 14:09:05,948 INFO    : Begin to train particle19_06
2023-11-30 14:09:05,963 INFO    : Begin to train particle19_07
2023-11-30 14:34:24,425 INFO    : GPU_QUERY-Available GPUs are: [0,1], choose GPU#0 to use
2023-11-30 14:34:24,425 INFO    : Begin to train particle19_08
2023-11-30 14:34:24,441 INFO    : Begin to train particle19_09
2023-11-30 14:56:20,086 INFO    : GPU_QUERY-Available GPUs are: [0,1], choose GPU#0 to use
2023-11-30 14:56:20,087 INFO    : Begin to train particle19_10
2023-11-30 14:56:20,105 INFO    : Begin to train particle19_11
2023-11-30 15:17:18,592 INFO    : GPU_QUERY-Available GPUs are: [0,1], choose GPU#0 to use
2023-11-30 15:17:18,592 INFO    : Begin to train particle19_12
2023-11-30 15:17:18,609 INFO    : Begin to train particle19_13
2023-11-30 15:41:41,849 INFO    : GPU_QUERY-Available GPUs are: [0,1], choose GPU#0 to use
2023-11-30 15:41:41,849 INFO    : Begin to train particle19_14
2023-11-30 15:41:41,865 INFO    : Begin to train particle19_15
2023-11-30 16:04:26,118 INFO    : GPU_QUERY-Available GPUs are: [0,1], choose GPU#0 to use
2023-11-30 16:04:26,119 INFO    : Begin to train particle19_16
2023-11-30 16:04:26,132 INFO    : Begin to train particle19_17
2023-11-30 16:24:38,258 INFO    : GPU_QUERY-Available GPUs are: [0,1], choose GPU#0 to use
2023-11-30 16:24:38,259 INFO    : Begin to train particle19_18
2023-11-30 16:24:38,272 INFO    : Begin to train particle19_19
2023-11-30 16:48:57,671 INFO    : GPU_QUERY-Available GPUs are: [0,1], choose GPU#0 to use
2023-11-30 16:49:17,755 INFO    : GPU_QUERY-Available GPUs are: [0,1], choose GPU#0 to use
2023-11-30 16:49:37,845 INFO    : GPU_QUERY-Available GPUs are: [0,1], choose GPU#0 to use
2023-11-30 16:49:57,964 INFO    : GPU_QUERY-Available GPUs are: [0,1], choose GPU#0 to use
2023-11-30 16:50:18,086 INFO    : GPU_QUERY-Available GPUs are: [0,1], choose GPU#0 to use
2023-11-30 16:50:38,199 INFO    : GPU_QUERY-Available GPUs are: [0,1], choose GPU#0 to use
2023-11-30 16:50:58,289 INFO    : GPU_QUERY-Available GPUs are: [0,1], choose GPU#0 to use
2023-11-30 16:51:18,376 INFO    : GPU_QUERY-Available GPUs are: [0,1], choose GPU#0 to use
2023-11-30 16:51:38,531 INFO    : GPU_QUERY-Available GPUs are: [0,1], choose GPU#0 to use
2023-11-30 16:51:58,613 INFO    : GPU_QUERY-Available GPUs are: [0,1], choose GPU#0 to use
2023-11-30 16:52:08,625 INFO    : EVOLVE[19-gen]-Finish the evaluation
2023-11-30 16:52:08,625 INFO    : EVOLVE[19-gen]-Finish the updating
2023-11-30 16:52:08,671 INFO    : Total Search Time: 259158.84 seconds
2023-11-30 16:52:08,671 INFO    : 71h:59m:18s
2023-11-30 16:52:28,775 INFO    : GPU_QUERY-Available GPUs are: [0,1], choose GPU#0 to use
2023-11-30 16:52:28,775 INFO    : Begin to train particle-1_00
2023-11-30 16:52:28,792 INFO    : Begin to train particle-1_01
2023-12-01 04:47:55,904 INFO    : GPU_QUERY-Available GPUs are: [0,1], choose GPU#0 to use
2023-12-01 04:47:55,905 INFO    : Begin to train particle-1_02
2023-12-01 18:29:18,833 INFO    : GPU_QUERY-Available GPUs are: [0,1], choose GPU#0 to use
2023-12-01 18:29:28,840 INFO    : Accuracy=[0.65990]
2023-12-01 18:29:28,841 INFO    : Accuracy=[0.70250]
2023-12-01 18:29:28,842 INFO    : Accuracy=[0.73600]
